08:17:59:221  INFO 13324 --- [main] com.hmall.HMallApplication               : Starting HMallApplication using Java 11.0.15.1 on 张立业 with PID 13324 (D:\GitHub_Code\microServices\hmall\hm-service\target\classes started by 26909 in D:\GitHub_Code\microServices)
08:17:59:223 DEBUG 13324 --- [main] com.hmall.HMallApplication               : Running with Spring Boot v2.7.12, Spring v5.3.27
08:17:59:223  INFO 13324 --- [main] com.hmall.HMallApplication               : The following 1 profile is active: "dev"
08:18:00:269  INFO 13324 --- [main] .s.d.r.c.RepositoryConfigurationDelegate : Multiple Spring Data modules found, entering strict repository configuration mode
08:18:00:272  INFO 13324 --- [main] .s.d.r.c.RepositoryConfigurationDelegate : Bootstrapping Spring Data Redis repositories in DEFAULT mode.
08:18:00:304  INFO 13324 --- [main] .s.d.r.c.RepositoryConfigurationDelegate : Finished Spring Data repository scanning in 17 ms. Found 0 Redis repository interfaces.
08:18:00:721  INFO 13324 --- [main] o.s.b.w.embedded.tomcat.TomcatWebServer  : Tomcat initialized with port(s): 8080 (http)
08:18:00:729  INFO 13324 --- [main] o.apache.catalina.core.StandardService   : Starting service [Tomcat]
08:18:00:729  INFO 13324 --- [main] org.apache.catalina.core.StandardEngine  : Starting Servlet engine: [Apache Tomcat/9.0.75]
08:18:00:875  INFO 13324 --- [main] o.a.c.c.C.[Tomcat].[localhost].[/]       : Initializing Spring embedded WebApplicationContext
08:18:00:875  INFO 13324 --- [main] w.s.c.ServletWebServerApplicationContext : Root WebApplicationContext: initialization completed in 1614 ms
08:18:02:349  INFO 13324 --- [main] pertySourcedRequestMappingHandlerMapping : Mapped URL path [/v2/api-docs] onto method [springfox.documentation.swagger2.web.Swagger2ControllerWebMvc#getDocumentation(String, HttpServletRequest)]
08:18:02:666  INFO 13324 --- [main] o.s.b.w.embedded.tomcat.TomcatWebServer  : Tomcat started on port(s): 8080 (http) with context path ''
08:18:02:667  INFO 13324 --- [main] d.s.w.p.DocumentationPluginsBootstrapper : Documentation plugins bootstrapped
08:18:02:669  INFO 13324 --- [main] d.s.w.p.DocumentationPluginsBootstrapper : Found 1 custom documentation plugin(s)
08:18:02:692  INFO 13324 --- [main] s.d.s.w.s.ApiListingReferenceScanner     : Scanning for api listing references
08:18:02:822  INFO 13324 --- [main] com.hmall.HMallApplication               : Started HMallApplication in 3.95 seconds (JVM running for 5.605)
08:19:16:926  INFO 19584 --- [main] com.hmall.HMallApplication               : Starting HMallApplication using Java 11.0.15.1 on 张立业 with PID 19584 (D:\GitHub_Code\microServices\hmall\hm-service\target\classes started by 26909 in D:\GitHub_Code\microServices)
08:19:16:926 DEBUG 19584 --- [main] com.hmall.HMallApplication               : Running with Spring Boot v2.7.12, Spring v5.3.27
08:19:16:926  INFO 19584 --- [main] com.hmall.HMallApplication               : The following 1 profile is active: "dev"
08:19:17:532  INFO 19584 --- [main] .s.d.r.c.RepositoryConfigurationDelegate : Multiple Spring Data modules found, entering strict repository configuration mode
08:19:17:535  INFO 19584 --- [main] .s.d.r.c.RepositoryConfigurationDelegate : Bootstrapping Spring Data Redis repositories in DEFAULT mode.
08:19:17:556  INFO 19584 --- [main] .s.d.r.c.RepositoryConfigurationDelegate : Finished Spring Data repository scanning in 10 ms. Found 0 Redis repository interfaces.
08:19:17:937  INFO 19584 --- [main] o.s.b.w.embedded.tomcat.TomcatWebServer  : Tomcat initialized with port(s): 8080 (http)
08:19:17:943  INFO 19584 --- [main] o.apache.catalina.core.StandardService   : Starting service [Tomcat]
08:19:17:943  INFO 19584 --- [main] org.apache.catalina.core.StandardEngine  : Starting Servlet engine: [Apache Tomcat/9.0.75]
08:19:18:035  INFO 19584 --- [main] o.a.c.c.C.[Tomcat].[localhost].[/]       : Initializing Spring embedded WebApplicationContext
08:19:18:035  INFO 19584 --- [main] w.s.c.ServletWebServerApplicationContext : Root WebApplicationContext: initialization completed in 1074 ms
08:19:19:238  INFO 19584 --- [main] pertySourcedRequestMappingHandlerMapping : Mapped URL path [/v2/api-docs] onto method [springfox.documentation.swagger2.web.Swagger2ControllerWebMvc#getDocumentation(String, HttpServletRequest)]
08:19:19:501  INFO 19584 --- [main] o.s.b.w.embedded.tomcat.TomcatWebServer  : Tomcat started on port(s): 8080 (http) with context path ''
08:19:19:502  INFO 19584 --- [main] d.s.w.p.DocumentationPluginsBootstrapper : Documentation plugins bootstrapped
08:19:19:504  INFO 19584 --- [main] d.s.w.p.DocumentationPluginsBootstrapper : Found 1 custom documentation plugin(s)
08:19:19:528  INFO 19584 --- [main] s.d.s.w.s.ApiListingReferenceScanner     : Scanning for api listing references
08:19:19:669  INFO 19584 --- [main] com.hmall.HMallApplication               : Started HMallApplication in 3.099 seconds (JVM running for 4.016)
08:19:43:322  INFO 19584 --- [http-nio-8080-exec-1] o.a.c.c.C.[Tomcat].[localhost].[/]       : Initializing Spring DispatcherServlet 'dispatcherServlet'
08:19:43:326  INFO 19584 --- [http-nio-8080-exec-1] o.s.web.servlet.DispatcherServlet        : Initializing Servlet 'dispatcherServlet'
08:19:43:326  INFO 19584 --- [http-nio-8080-exec-1] o.s.web.servlet.DispatcherServlet        : Completed initialization in 0 ms
08:19:43:454  INFO 19584 --- [http-nio-8080-exec-1] com.zaxxer.hikari.HikariDataSource       : HikariPool-1 - Starting...
08:19:43:678  INFO 19584 --- [http-nio-8080-exec-1] com.zaxxer.hikari.HikariDataSource       : HikariPool-1 - Start completed.
08:19:43:683 DEBUG 19584 --- [http-nio-8080-exec-1] com.hmall.mapper.UserMapper.selectList   : ==>  Preparing: SELECT id,username,password,phone,create_time,update_time,status,balance FROM user WHERE (username = ?)
08:19:43:698 DEBUG 19584 --- [http-nio-8080-exec-1] com.hmall.mapper.UserMapper.selectList   : ==> Parameters: jack(String)
08:19:43:729 DEBUG 19584 --- [http-nio-8080-exec-1] com.hmall.mapper.UserMapper.selectList   : <==      Total: 1
08:19:43:970 DEBUG 19584 --- [http-nio-8080-exec-2] com.hmall.mapper.CartMapper.selectList   : ==>  Preparing: SELECT id,user_id,item_id,num,name,spec,price,image,create_time,update_time FROM cart WHERE (user_id = ?)
08:19:43:970 DEBUG 19584 --- [http-nio-8080-exec-2] com.hmall.mapper.CartMapper.selectList   : ==> Parameters: 1(Long)
08:19:43:983 DEBUG 19584 --- [http-nio-8080-exec-2] com.hmall.mapper.CartMapper.selectList   : <==      Total: 0
08:20:51:813 DEBUG 19584 --- [http-nio-8080-exec-3] com.hmall.mapper.CartMapper.selectList   : ==>  Preparing: SELECT id,user_id,item_id,num,name,spec,price,image,create_time,update_time FROM cart WHERE (user_id = ?)
08:20:51:813 DEBUG 19584 --- [http-nio-8080-exec-3] com.hmall.mapper.CartMapper.selectList   : ==> Parameters: 1(Long)
08:20:51:814 DEBUG 19584 --- [http-nio-8080-exec-3] com.hmall.mapper.CartMapper.selectList   : <==      Total: 0
08:28:44:562 DEBUG 19584 --- [http-nio-8080-exec-5] com.hmall.mapper.CartMapper.selectList   : ==>  Preparing: SELECT id,user_id,item_id,num,name,spec,price,image,create_time,update_time FROM cart WHERE (user_id = ?)
08:28:44:562 DEBUG 19584 --- [http-nio-8080-exec-5] com.hmall.mapper.CartMapper.selectList   : ==> Parameters: 1(Long)
08:28:44:564 DEBUG 19584 --- [http-nio-8080-exec-5] com.hmall.mapper.CartMapper.selectList   : <==      Total: 0
08:28:50:023 DEBUG 19584 --- [http-nio-8080-exec-4] com.hmall.mapper.CartMapper.selectList   : ==>  Preparing: SELECT id,user_id,item_id,num,name,spec,price,image,create_time,update_time FROM cart WHERE (user_id = ?)
08:28:50:024 DEBUG 19584 --- [http-nio-8080-exec-4] com.hmall.mapper.CartMapper.selectList   : ==> Parameters: 1(Long)
08:28:50:025 DEBUG 19584 --- [http-nio-8080-exec-4] com.hmall.mapper.CartMapper.selectList   : <==      Total: 0
08:29:29:466 DEBUG 19584 --- [http-nio-8080-exec-6] com.hmall.mapper.CartMapper.selectList   : ==>  Preparing: SELECT id,user_id,item_id,num,name,spec,price,image,create_time,update_time FROM cart WHERE (user_id = ?)
08:29:29:466 DEBUG 19584 --- [http-nio-8080-exec-6] com.hmall.mapper.CartMapper.selectList   : ==> Parameters: 1(Long)
08:29:29:467 DEBUG 19584 --- [http-nio-8080-exec-6] com.hmall.mapper.CartMapper.selectList   : <==      Total: 0
08:40:30:129 DEBUG 19584 --- [http-nio-8080-exec-7] com.hmall.mapper.CartMapper.selectList   : ==>  Preparing: SELECT id,user_id,item_id,num,name,spec,price,image,create_time,update_time FROM cart WHERE (user_id = ?)
08:40:30:129 DEBUG 19584 --- [http-nio-8080-exec-7] com.hmall.mapper.CartMapper.selectList   : ==> Parameters: 1(Long)
08:40:30:130 DEBUG 19584 --- [http-nio-8080-exec-7] com.hmall.mapper.CartMapper.selectList   : <==      Total: 0
08:40:32:270 DEBUG 19584 --- [http-nio-8080-exec-8] c.h.m.ItemMapper.selectPage_mpCount      : ==>  Preparing: SELECT COUNT(*) AS total FROM item
08:40:32:270 DEBUG 19584 --- [http-nio-8080-exec-8] c.h.m.ItemMapper.selectPage_mpCount      : ==> Parameters: 
08:40:32:534 DEBUG 19584 --- [http-nio-8080-exec-8] c.h.m.ItemMapper.selectPage_mpCount      : <==      Total: 1
08:40:32:537 DEBUG 19584 --- [http-nio-8080-exec-8] com.hmall.mapper.ItemMapper.selectPage   : ==>  Preparing: SELECT id,name,price,stock,image,category,brand,spec,sold,comment_count,isAD,status,create_time,update_time,creater,updater FROM item ORDER BY update_time DESC LIMIT ?
08:40:32:537 DEBUG 19584 --- [http-nio-8080-exec-8] com.hmall.mapper.ItemMapper.selectPage   : ==> Parameters: 20(Long)
08:40:32:544 DEBUG 19584 --- [http-nio-8080-exec-8] com.hmall.mapper.ItemMapper.selectPage   : <==      Total: 20
08:40:34:517 DEBUG 19584 --- [http-nio-8080-exec-9] com.hmall.mapper.CartMapper.selectCount  : ==>  Preparing: SELECT COUNT( * ) AS total FROM cart WHERE (item_id = ? AND user_id = ?)
08:40:34:517 DEBUG 19584 --- [http-nio-8080-exec-9] com.hmall.mapper.CartMapper.selectCount  : ==> Parameters: 2120808(Long), 1(Long)
08:40:34:523 DEBUG 19584 --- [http-nio-8080-exec-9] com.hmall.mapper.CartMapper.selectCount  : <==      Total: 1
08:40:34:523 DEBUG 19584 --- [http-nio-8080-exec-9] com.hmall.mapper.CartMapper.selectCount  : ==>  Preparing: SELECT COUNT( * ) AS total FROM cart WHERE (user_id = ?)
08:40:34:525 DEBUG 19584 --- [http-nio-8080-exec-9] com.hmall.mapper.CartMapper.selectCount  : ==> Parameters: 1(Long)
08:40:34:525 DEBUG 19584 --- [http-nio-8080-exec-9] com.hmall.mapper.CartMapper.selectCount  : <==      Total: 1
08:40:34:527 DEBUG 19584 --- [http-nio-8080-exec-9] com.hmall.mapper.CartMapper.insert       : ==>  Preparing: INSERT INTO cart ( user_id, item_id, name, spec, price, image ) VALUES ( ?, ?, ?, ?, ?, ? )
08:40:34:527 DEBUG 19584 --- [http-nio-8080-exec-9] com.hmall.mapper.CartMapper.insert       : ==> Parameters: 1(Long), 2120808(Long), 姬龙雪 guy laroche女包 GL经典手提包女牛皮大容量单肩包女欧美时尚包包女包GS1210001-06杏色(String), {}(String), 71800(Integer), https://m.360buyimg.com/mobilecms/s720x720_jfs/t30694/267/398774087/90954/6fc143cf/5bf25358N14dadbf7.jpg!q70.jpg.webp(String)
08:40:34:537 DEBUG 19584 --- [http-nio-8080-exec-9] com.hmall.mapper.CartMapper.insert       : <==    Updates: 1
08:40:34:566 DEBUG 19584 --- [http-nio-8080-exec-10] com.hmall.mapper.CartMapper.selectList   : ==>  Preparing: SELECT id,user_id,item_id,num,name,spec,price,image,create_time,update_time FROM cart WHERE (user_id = ?)
08:40:34:566 DEBUG 19584 --- [http-nio-8080-exec-10] com.hmall.mapper.CartMapper.selectList   : ==> Parameters: 1(Long)
08:40:34:568 DEBUG 19584 --- [http-nio-8080-exec-10] com.hmall.mapper.CartMapper.selectList   : <==      Total: 1
08:40:34:572 DEBUG 19584 --- [http-nio-8080-exec-10] c.h.mapper.ItemMapper.selectBatchIds     : ==>  Preparing: SELECT id,name,price,stock,image,category,brand,spec,sold,comment_count,isAD,status,create_time,update_time,creater,updater FROM item WHERE id IN ( ? )
08:40:34:572 DEBUG 19584 --- [http-nio-8080-exec-10] c.h.mapper.ItemMapper.selectBatchIds     : ==> Parameters: 2120808(Long)
08:40:34:575 DEBUG 19584 --- [http-nio-8080-exec-10] c.h.mapper.ItemMapper.selectBatchIds     : <==      Total: 1
08:40:49:393 DEBUG 19584 --- [http-nio-8080-exec-1] com.hmall.mapper.CartMapper.selectList   : ==>  Preparing: SELECT id,user_id,item_id,num,name,spec,price,image,create_time,update_time FROM cart WHERE (user_id = ?)
08:40:49:393 DEBUG 19584 --- [http-nio-8080-exec-1] com.hmall.mapper.CartMapper.selectList   : ==> Parameters: 1(Long)
08:40:49:394 DEBUG 19584 --- [http-nio-8080-exec-1] com.hmall.mapper.CartMapper.selectList   : <==      Total: 1
08:40:49:396 DEBUG 19584 --- [http-nio-8080-exec-1] c.h.mapper.ItemMapper.selectBatchIds     : ==>  Preparing: SELECT id,name,price,stock,image,category,brand,spec,sold,comment_count,isAD,status,create_time,update_time,creater,updater FROM item WHERE id IN ( ? )
08:40:49:397 DEBUG 19584 --- [http-nio-8080-exec-1] c.h.mapper.ItemMapper.selectBatchIds     : ==> Parameters: 2120808(Long)
08:40:49:399 DEBUG 19584 --- [http-nio-8080-exec-1] c.h.mapper.ItemMapper.selectBatchIds     : <==      Total: 1
08:40:51:232 DEBUG 19584 --- [http-nio-8080-exec-2] c.h.m.ItemMapper.selectPage_mpCount      : ==>  Preparing: SELECT COUNT(*) AS total FROM item
08:40:51:233 DEBUG 19584 --- [http-nio-8080-exec-2] c.h.m.ItemMapper.selectPage_mpCount      : ==> Parameters: 
08:40:51:240 DEBUG 19584 --- [http-nio-8080-exec-2] c.h.m.ItemMapper.selectPage_mpCount      : <==      Total: 1
08:40:51:241 DEBUG 19584 --- [http-nio-8080-exec-2] com.hmall.mapper.ItemMapper.selectPage   : ==>  Preparing: SELECT id,name,price,stock,image,category,brand,spec,sold,comment_count,isAD,status,create_time,update_time,creater,updater FROM item ORDER BY update_time DESC LIMIT ?
08:40:51:241 DEBUG 19584 --- [http-nio-8080-exec-2] com.hmall.mapper.ItemMapper.selectPage   : ==> Parameters: 20(Long)
08:40:51:244 DEBUG 19584 --- [http-nio-8080-exec-2] com.hmall.mapper.ItemMapper.selectPage   : <==      Total: 20
08:40:53:453 DEBUG 19584 --- [http-nio-8080-exec-3] com.hmall.mapper.CartMapper.selectCount  : ==>  Preparing: SELECT COUNT( * ) AS total FROM cart WHERE (item_id = ? AND user_id = ?)
08:40:53:458 DEBUG 19584 --- [http-nio-8080-exec-3] com.hmall.mapper.CartMapper.selectCount  : ==> Parameters: 2120808(Long), 1(Long)
08:40:53:458 DEBUG 19584 --- [http-nio-8080-exec-3] com.hmall.mapper.CartMapper.selectCount  : <==      Total: 1
08:40:53:464 DEBUG 19584 --- [http-nio-8080-exec-3] com.hmall.mapper.CartMapper.update       : ==>  Preparing: UPDATE cart SET num = num + 1 WHERE (item_id = ? AND user_id = ?)
08:40:53:464 DEBUG 19584 --- [http-nio-8080-exec-3] com.hmall.mapper.CartMapper.update       : ==> Parameters: 2120808(Long), 1(Long)
08:40:53:470 DEBUG 19584 --- [http-nio-8080-exec-3] com.hmall.mapper.CartMapper.update       : <==    Updates: 1
08:40:53:498 DEBUG 19584 --- [http-nio-8080-exec-5] com.hmall.mapper.CartMapper.selectList   : ==>  Preparing: SELECT id,user_id,item_id,num,name,spec,price,image,create_time,update_time FROM cart WHERE (user_id = ?)
08:40:53:498 DEBUG 19584 --- [http-nio-8080-exec-5] com.hmall.mapper.CartMapper.selectList   : ==> Parameters: 1(Long)
08:40:53:498 DEBUG 19584 --- [http-nio-8080-exec-5] com.hmall.mapper.CartMapper.selectList   : <==      Total: 1
08:40:53:498 DEBUG 19584 --- [http-nio-8080-exec-5] c.h.mapper.ItemMapper.selectBatchIds     : ==>  Preparing: SELECT id,name,price,stock,image,category,brand,spec,sold,comment_count,isAD,status,create_time,update_time,creater,updater FROM item WHERE id IN ( ? )
08:40:53:498 DEBUG 19584 --- [http-nio-8080-exec-5] c.h.mapper.ItemMapper.selectBatchIds     : ==> Parameters: 2120808(Long)
08:40:53:503 DEBUG 19584 --- [http-nio-8080-exec-5] c.h.mapper.ItemMapper.selectBatchIds     : <==      Total: 1
08:40:56:336 DEBUG 19584 --- [http-nio-8080-exec-4] com.hmall.mapper.CartMapper.selectList   : ==>  Preparing: SELECT id,user_id,item_id,num,name,spec,price,image,create_time,update_time FROM cart WHERE (user_id = ?)
08:40:56:336 DEBUG 19584 --- [http-nio-8080-exec-4] com.hmall.mapper.CartMapper.selectList   : ==> Parameters: 1(Long)
08:40:56:338 DEBUG 19584 --- [http-nio-8080-exec-4] com.hmall.mapper.CartMapper.selectList   : <==      Total: 1
08:40:56:339 DEBUG 19584 --- [http-nio-8080-exec-4] c.h.mapper.ItemMapper.selectBatchIds     : ==>  Preparing: SELECT id,name,price,stock,image,category,brand,spec,sold,comment_count,isAD,status,create_time,update_time,creater,updater FROM item WHERE id IN ( ? )
08:40:56:339 DEBUG 19584 --- [http-nio-8080-exec-4] c.h.mapper.ItemMapper.selectBatchIds     : ==> Parameters: 2120808(Long)
08:40:56:341 DEBUG 19584 --- [http-nio-8080-exec-4] c.h.mapper.ItemMapper.selectBatchIds     : <==      Total: 1
08:40:57:950 DEBUG 19584 --- [http-nio-8080-exec-6] c.h.m.ItemMapper.selectPage_mpCount      : ==>  Preparing: SELECT COUNT(*) AS total FROM item
08:40:57:950 DEBUG 19584 --- [http-nio-8080-exec-6] c.h.m.ItemMapper.selectPage_mpCount      : ==> Parameters: 
08:40:57:959 DEBUG 19584 --- [http-nio-8080-exec-6] c.h.m.ItemMapper.selectPage_mpCount      : <==      Total: 1
08:40:57:959 DEBUG 19584 --- [http-nio-8080-exec-6] com.hmall.mapper.ItemMapper.selectPage   : ==>  Preparing: SELECT id,name,price,stock,image,category,brand,spec,sold,comment_count,isAD,status,create_time,update_time,creater,updater FROM item ORDER BY update_time DESC LIMIT ?
08:40:57:959 DEBUG 19584 --- [http-nio-8080-exec-6] com.hmall.mapper.ItemMapper.selectPage   : ==> Parameters: 20(Long)
08:40:57:961 DEBUG 19584 --- [http-nio-8080-exec-6] com.hmall.mapper.ItemMapper.selectPage   : <==      Total: 20
08:41:08:272 DEBUG 19584 --- [http-nio-8080-exec-7] com.hmall.mapper.CartMapper.selectCount  : ==>  Preparing: SELECT COUNT( * ) AS total FROM cart WHERE (item_id = ? AND user_id = ?)
08:41:08:272 DEBUG 19584 --- [http-nio-8080-exec-7] com.hmall.mapper.CartMapper.selectCount  : ==> Parameters: 4026319(Long), 1(Long)
08:41:08:273 DEBUG 19584 --- [http-nio-8080-exec-7] com.hmall.mapper.CartMapper.selectCount  : <==      Total: 1
08:41:08:273 DEBUG 19584 --- [http-nio-8080-exec-7] com.hmall.mapper.CartMapper.selectCount  : ==>  Preparing: SELECT COUNT( * ) AS total FROM cart WHERE (user_id = ?)
08:41:08:273 DEBUG 19584 --- [http-nio-8080-exec-7] com.hmall.mapper.CartMapper.selectCount  : ==> Parameters: 1(Long)
08:41:08:273 DEBUG 19584 --- [http-nio-8080-exec-7] com.hmall.mapper.CartMapper.selectCount  : <==      Total: 1
08:41:08:273 DEBUG 19584 --- [http-nio-8080-exec-7] com.hmall.mapper.CartMapper.insert       : ==>  Preparing: INSERT INTO cart ( user_id, item_id, name, spec, price, image ) VALUES ( ?, ?, ?, ?, ?, ? )
08:41:08:277 DEBUG 19584 --- [http-nio-8080-exec-7] com.hmall.mapper.CartMapper.insert       : ==> Parameters: 1(Long), 4026319(Long), TCL 65A950C 65英寸32核人工智能 HDR曲面超薄4K电视金属机身（枪色）(String), {"版本": "65英寸"}(String), 394400(Integer), https://m.360buyimg.com/mobilecms/s720x720_jfs/t1/5269/2/12146/122833/5bd2a509Ed9ba6c1f/6a50f35bfacecbc6.jpg!q70.jpg.webp(String)
08:41:08:279 DEBUG 19584 --- [http-nio-8080-exec-7] com.hmall.mapper.CartMapper.insert       : <==    Updates: 1
08:41:08:308 DEBUG 19584 --- [http-nio-8080-exec-8] com.hmall.mapper.CartMapper.selectList   : ==>  Preparing: SELECT id,user_id,item_id,num,name,spec,price,image,create_time,update_time FROM cart WHERE (user_id = ?)
08:41:08:308 DEBUG 19584 --- [http-nio-8080-exec-8] com.hmall.mapper.CartMapper.selectList   : ==> Parameters: 1(Long)
08:41:08:310 DEBUG 19584 --- [http-nio-8080-exec-8] com.hmall.mapper.CartMapper.selectList   : <==      Total: 2
08:41:08:311 DEBUG 19584 --- [http-nio-8080-exec-8] c.h.mapper.ItemMapper.selectBatchIds     : ==>  Preparing: SELECT id,name,price,stock,image,category,brand,spec,sold,comment_count,isAD,status,create_time,update_time,creater,updater FROM item WHERE id IN ( ? , ? )
08:41:08:311 DEBUG 19584 --- [http-nio-8080-exec-8] c.h.mapper.ItemMapper.selectBatchIds     : ==> Parameters: 2120808(Long), 4026319(Long)
08:41:08:313 DEBUG 19584 --- [http-nio-8080-exec-8] c.h.mapper.ItemMapper.selectBatchIds     : <==      Total: 2
08:41:24:086 DEBUG 19584 --- [http-nio-8080-exec-9] com.hmall.mapper.CartMapper.updateById   : ==>  Preparing: UPDATE cart SET num=? WHERE id=?
08:41:24:086 DEBUG 19584 --- [http-nio-8080-exec-9] com.hmall.mapper.CartMapper.updateById   : ==> Parameters: 1(Integer), 11(Long)
08:41:24:092 DEBUG 19584 --- [http-nio-8080-exec-9] com.hmall.mapper.CartMapper.updateById   : <==    Updates: 1
08:41:24:116 DEBUG 19584 --- [http-nio-8080-exec-10] com.hmall.mapper.CartMapper.selectList   : ==>  Preparing: SELECT id,user_id,item_id,num,name,spec,price,image,create_time,update_time FROM cart WHERE (user_id = ?)
08:41:24:116 DEBUG 19584 --- [http-nio-8080-exec-10] com.hmall.mapper.CartMapper.selectList   : ==> Parameters: 1(Long)
08:41:24:120 DEBUG 19584 --- [http-nio-8080-exec-10] com.hmall.mapper.CartMapper.selectList   : <==      Total: 2
08:41:24:122 DEBUG 19584 --- [http-nio-8080-exec-10] c.h.mapper.ItemMapper.selectBatchIds     : ==>  Preparing: SELECT id,name,price,stock,image,category,brand,spec,sold,comment_count,isAD,status,create_time,update_time,creater,updater FROM item WHERE id IN ( ? , ? )
08:41:24:122 DEBUG 19584 --- [http-nio-8080-exec-10] c.h.mapper.ItemMapper.selectBatchIds     : ==> Parameters: 2120808(Long), 4026319(Long)
08:41:24:122 DEBUG 19584 --- [http-nio-8080-exec-10] c.h.mapper.ItemMapper.selectBatchIds     : <==      Total: 2
08:41:26:548 DEBUG 19584 --- [http-nio-8080-exec-1] c.hmall.mapper.AddressMapper.selectList  : ==>  Preparing: SELECT id,user_id,province,city,town,mobile,street,contact,is_default,notes FROM address WHERE (user_id = ?)
08:41:26:550 DEBUG 19584 --- [http-nio-8080-exec-1] c.hmall.mapper.AddressMapper.selectList  : ==> Parameters: 1(Long)
08:41:26:561 DEBUG 19584 --- [http-nio-8080-exec-1] c.hmall.mapper.AddressMapper.selectList  : <==      Total: 4
08:41:34:817 DEBUG 19584 --- [http-nio-8080-exec-2] c.h.mapper.ItemMapper.selectBatchIds     : ==>  Preparing: SELECT id,name,price,stock,image,category,brand,spec,sold,comment_count,isAD,status,create_time,update_time,creater,updater FROM item WHERE id IN ( ? , ? )
08:41:34:817 DEBUG 19584 --- [http-nio-8080-exec-2] c.h.mapper.ItemMapper.selectBatchIds     : ==> Parameters: 4026319(Long), 2120808(Long)
08:41:34:817 DEBUG 19584 --- [http-nio-8080-exec-2] c.h.mapper.ItemMapper.selectBatchIds     : <==      Total: 2
08:41:34:822 DEBUG 19584 --- [http-nio-8080-exec-2] com.hmall.mapper.OrderMapper.insert      : ==>  Preparing: INSERT INTO `order` ( id, total_fee, payment_type, user_id, status ) VALUES ( ?, ?, ?, ?, ? )
08:41:34:822 DEBUG 19584 --- [http-nio-8080-exec-2] com.hmall.mapper.OrderMapper.insert      : ==> Parameters: 1952167997644521473(Long), 466200(Integer), 3(Integer), 1(Long), 1(Integer)
08:41:34:833 DEBUG 19584 --- [http-nio-8080-exec-2] com.hmall.mapper.OrderMapper.insert      : <==    Updates: 1
08:41:34:838 DEBUG 19584 --- [http-nio-8080-exec-2] c.hmall.mapper.OrderDetailMapper.insert  : ==>  Preparing: INSERT INTO order_detail ( order_id, item_id, num, name, spec, price, image ) VALUES ( ?, ?, ?, ?, ?, ?, ? )
08:41:34:838 DEBUG 19584 --- [http-nio-8080-exec-2] c.hmall.mapper.OrderDetailMapper.insert  : ==> Parameters: 1952167997644521473(Long), 2120808(Long), 1(Integer), 姬龙雪 guy laroche女包 GL经典手提包女牛皮大容量单肩包女欧美时尚包包女包GS1210001-06杏色(String), {}(String), 71800(Integer), https://m.360buyimg.com/mobilecms/s720x720_jfs/t30694/267/398774087/90954/6fc143cf/5bf25358N14dadbf7.jpg!q70.jpg.webp(String)
08:41:34:838 DEBUG 19584 --- [http-nio-8080-exec-2] c.hmall.mapper.OrderDetailMapper.insert  : ==> Parameters: 1952167997644521473(Long), 4026319(Long), 1(Integer), TCL 65A950C 65英寸32核人工智能 HDR曲面超薄4K电视金属机身（枪色）(String), {"版本": "65英寸"}(String), 394400(Integer), https://m.360buyimg.com/mobilecms/s720x720_jfs/t1/5269/2/12146/122833/5bd2a509Ed9ba6c1f/6a50f35bfacecbc6.jpg!q70.jpg.webp(String)
08:41:34:853 DEBUG 19584 --- [http-nio-8080-exec-2] com.hmall.mapper.CartMapper.delete       : ==>  Preparing: DELETE FROM cart WHERE (user_id = ? AND item_id IN (?,?))
08:41:34:853 DEBUG 19584 --- [http-nio-8080-exec-2] com.hmall.mapper.CartMapper.delete       : ==> Parameters: 1(Long), 4026319(Long), 2120808(Long)
08:41:34:855 DEBUG 19584 --- [http-nio-8080-exec-2] com.hmall.mapper.CartMapper.delete       : <==    Updates: 2
08:41:34:855 DEBUG 19584 --- [http-nio-8080-exec-2] com.hmall.mapper.ItemMapper.updateStock  : ==>  Preparing: UPDATE item SET stock = stock - ? WHERE id = ?
08:41:34:855 DEBUG 19584 --- [http-nio-8080-exec-2] com.hmall.mapper.ItemMapper.updateStock  : ==> Parameters: 1(Integer), 2120808(Long)
08:41:34:856 DEBUG 19584 --- [http-nio-8080-exec-2] com.hmall.mapper.ItemMapper.updateStock  : ==> Parameters: 1(Integer), 4026319(Long)
08:41:34:987 DEBUG 19584 --- [http-nio-8080-exec-3] com.hmall.mapper.OrderMapper.selectById  : ==>  Preparing: SELECT id,total_fee,payment_type,user_id,status,create_time,pay_time,consign_time,end_time,close_time,comment_time,update_time FROM `order` WHERE id=?
08:41:34:988 DEBUG 19584 --- [http-nio-8080-exec-3] com.hmall.mapper.OrderMapper.selectById  : ==> Parameters: 1952167997644521473(Long)
08:41:34:990 DEBUG 19584 --- [http-nio-8080-exec-3] com.hmall.mapper.OrderMapper.selectById  : <==      Total: 1
08:41:35:007 DEBUG 19584 --- [http-nio-8080-exec-5] c.h.mapper.PayOrderMapper.selectList     : ==>  Preparing: SELECT id,biz_order_no,pay_order_no,biz_user_id,pay_channel_code,amount,pay_type,status,expand_json,result_code,result_msg,pay_success_time,pay_over_time,qr_code_url,create_time,update_time,creater,updater,is_delete FROM pay_order WHERE (biz_order_no = ?)
08:41:35:007 DEBUG 19584 --- [http-nio-8080-exec-5] c.h.mapper.PayOrderMapper.selectList     : ==> Parameters: 1952167997644521473(Long)
08:41:35:017 DEBUG 19584 --- [http-nio-8080-exec-5] c.h.mapper.PayOrderMapper.selectList     : <==      Total: 0
08:41:35:023 DEBUG 19584 --- [http-nio-8080-exec-5] com.hmall.mapper.PayOrderMapper.insert   : ==>  Preparing: INSERT INTO pay_order ( id, biz_order_no, pay_order_no, biz_user_id, pay_channel_code, amount, pay_type, status, pay_over_time ) VALUES ( ?, ?, ?, ?, ?, ?, ?, ?, ? )
08:41:35:025 DEBUG 19584 --- [http-nio-8080-exec-5] com.hmall.mapper.PayOrderMapper.insert   : ==> Parameters: 1952167998449827842(Long), 1952167997644521473(Long), 1952167998449827841(Long), 1(Long), balance(String), 466200(Integer), 5(Integer), 1(Integer), 2025-08-04T10:41:35.018885600(LocalDateTime)
08:41:35:027 DEBUG 19584 --- [http-nio-8080-exec-5] com.hmall.mapper.PayOrderMapper.insert   : <==    Updates: 1
08:41:37:317 DEBUG 19584 --- [http-nio-8080-exec-4] c.h.mapper.PayOrderMapper.selectById     : ==>  Preparing: SELECT id,biz_order_no,pay_order_no,biz_user_id,pay_channel_code,amount,pay_type,status,expand_json,result_code,result_msg,pay_success_time,pay_over_time,qr_code_url,create_time,update_time,creater,updater,is_delete FROM pay_order WHERE id=?
08:41:37:318 DEBUG 19584 --- [http-nio-8080-exec-4] c.h.mapper.PayOrderMapper.selectById     : ==> Parameters: 1952167998449827842(Long)
08:41:37:322 DEBUG 19584 --- [http-nio-8080-exec-4] c.h.mapper.PayOrderMapper.selectById     : <==      Total: 1
08:41:37:323  INFO 19584 --- [http-nio-8080-exec-4] com.hmall.service.impl.UserServiceImpl   : 开始扣款
08:41:37:323 DEBUG 19584 --- [http-nio-8080-exec-4] com.hmall.mapper.UserMapper.selectById   : ==>  Preparing: SELECT id,username,password,phone,create_time,update_time,status,balance FROM user WHERE id=?
08:41:37:324 DEBUG 19584 --- [http-nio-8080-exec-4] com.hmall.mapper.UserMapper.selectById   : ==> Parameters: 1(Long)
08:41:37:325 DEBUG 19584 --- [http-nio-8080-exec-4] com.hmall.mapper.UserMapper.selectById   : <==      Total: 1
08:41:37:399 ERROR 19584 --- [http-nio-8080-exec-4] c.h.common.advice.CommonExceptionAdvice  : 自定义异常 -> com.hmall.common.exception.BizIllegalException , 异常原因：用户密码错误  
08:41:37:402 DEBUG 19584 --- [http-nio-8080-exec-4] c.h.common.advice.CommonExceptionAdvice  : 

com.hmall.common.exception.BizIllegalException: 用户密码错误
	at com.hmall.service.impl.UserServiceImpl.deductMoney(UserServiceImpl.java:69) ~[classes/:na]
	at com.hmall.service.impl.UserServiceImpl$$FastClassBySpringCGLIB$$84609514.invoke(<generated>) ~[classes/:na]
	at org.springframework.cglib.proxy.MethodProxy.invoke(MethodProxy.java:218) ~[spring-core-5.3.27.jar:5.3.27]
	at org.springframework.aop.framework.CglibAopProxy.invokeMethod(CglibAopProxy.java:386) ~[spring-aop-5.3.27.jar:5.3.27]
	at org.springframework.aop.framework.CglibAopProxy.access$000(CglibAopProxy.java:85) ~[spring-aop-5.3.27.jar:5.3.27]
	at org.springframework.aop.framework.CglibAopProxy$DynamicAdvisedInterceptor.intercept(CglibAopProxy.java:704) ~[spring-aop-5.3.27.jar:5.3.27]
	at com.hmall.service.impl.UserServiceImpl$$EnhancerBySpringCGLIB$$2b4002d0.deductMoney(<generated>) ~[classes/:na]
	at com.hmall.service.impl.PayOrderServiceImpl.tryPayOrderByBalance(PayOrderServiceImpl.java:56) ~[classes/:na]
	at com.hmall.service.impl.PayOrderServiceImpl$$FastClassBySpringCGLIB$$ea1e9979.invoke(<generated>) ~[classes/:na]
	at org.springframework.cglib.proxy.MethodProxy.invoke(MethodProxy.java:218) ~[spring-core-5.3.27.jar:5.3.27]
	at org.springframework.aop.framework.CglibAopProxy$CglibMethodInvocation.invokeJoinpoint(CglibAopProxy.java:793) ~[spring-aop-5.3.27.jar:5.3.27]
	at org.springframework.aop.framework.ReflectiveMethodInvocation.proceed(ReflectiveMethodInvocation.java:163) ~[spring-aop-5.3.27.jar:5.3.27]
	at org.springframework.aop.framework.CglibAopProxy$CglibMethodInvocation.proceed(CglibAopProxy.java:763) ~[spring-aop-5.3.27.jar:5.3.27]
	at org.springframework.transaction.interceptor.TransactionInterceptor$1.proceedWithInvocation(TransactionInterceptor.java:123) ~[spring-tx-5.3.27.jar:5.3.27]
	at org.springframework.transaction.interceptor.TransactionAspectSupport.invokeWithinTransaction(TransactionAspectSupport.java:388) ~[spring-tx-5.3.27.jar:5.3.27]
	at org.springframework.transaction.interceptor.TransactionInterceptor.invoke(TransactionInterceptor.java:119) ~[spring-tx-5.3.27.jar:5.3.27]
	at org.springframework.aop.framework.ReflectiveMethodInvocation.proceed(ReflectiveMethodInvocation.java:186) ~[spring-aop-5.3.27.jar:5.3.27]
	at org.springframework.aop.framework.CglibAopProxy$CglibMethodInvocation.proceed(CglibAopProxy.java:763) ~[spring-aop-5.3.27.jar:5.3.27]
	at org.springframework.aop.framework.CglibAopProxy$DynamicAdvisedInterceptor.intercept(CglibAopProxy.java:708) ~[spring-aop-5.3.27.jar:5.3.27]
	at com.hmall.service.impl.PayOrderServiceImpl$$EnhancerBySpringCGLIB$$db9771f.tryPayOrderByBalance(<generated>) ~[classes/:na]
	at com.hmall.controller.PayController.tryPayOrderByBalance(PayController.java:37) ~[classes/:na]
	at java.base/jdk.internal.reflect.NativeMethodAccessorImpl.invoke0(Native Method) ~[na:na]
	at java.base/jdk.internal.reflect.NativeMethodAccessorImpl.invoke(NativeMethodAccessorImpl.java:62) ~[na:na]
	at java.base/jdk.internal.reflect.DelegatingMethodAccessorImpl.invoke(DelegatingMethodAccessorImpl.java:43) ~[na:na]
	at java.base/java.lang.reflect.Method.invoke(Method.java:566) ~[na:na]
	at org.springframework.web.method.support.InvocableHandlerMethod.doInvoke(InvocableHandlerMethod.java:205) ~[spring-web-5.3.27.jar:5.3.27]
	at org.springframework.web.method.support.InvocableHandlerMethod.invokeForRequest(InvocableHandlerMethod.java:150) ~[spring-web-5.3.27.jar:5.3.27]
	at org.springframework.web.servlet.mvc.method.annotation.ServletInvocableHandlerMethod.invokeAndHandle(ServletInvocableHandlerMethod.java:117) ~[spring-webmvc-5.3.27.jar:5.3.27]
	at org.springframework.web.servlet.mvc.method.annotation.RequestMappingHandlerAdapter.invokeHandlerMethod(RequestMappingHandlerAdapter.java:895) ~[spring-webmvc-5.3.27.jar:5.3.27]
	at org.springframework.web.servlet.mvc.method.annotation.RequestMappingHandlerAdapter.handleInternal(RequestMappingHandlerAdapter.java:808) ~[spring-webmvc-5.3.27.jar:5.3.27]
	at org.springframework.web.servlet.mvc.method.AbstractHandlerMethodAdapter.handle(AbstractHandlerMethodAdapter.java:87) ~[spring-webmvc-5.3.27.jar:5.3.27]
	at org.springframework.web.servlet.DispatcherServlet.doDispatch(DispatcherServlet.java:1072) ~[spring-webmvc-5.3.27.jar:5.3.27]
	at org.springframework.web.servlet.DispatcherServlet.doService(DispatcherServlet.java:965) ~[spring-webmvc-5.3.27.jar:5.3.27]
	at org.springframework.web.servlet.FrameworkServlet.processRequest(FrameworkServlet.java:1006) ~[spring-webmvc-5.3.27.jar:5.3.27]
	at org.springframework.web.servlet.FrameworkServlet.doPost(FrameworkServlet.java:909) ~[spring-webmvc-5.3.27.jar:5.3.27]
	at javax.servlet.http.HttpServlet.service(HttpServlet.java:555) ~[tomcat-embed-core-9.0.75.jar:4.0.FR]
	at org.springframework.web.servlet.FrameworkServlet.service(FrameworkServlet.java:883) ~[spring-webmvc-5.3.27.jar:5.3.27]
	at javax.servlet.http.HttpServlet.service(HttpServlet.java:623) ~[tomcat-embed-core-9.0.75.jar:4.0.FR]
	at org.apache.catalina.core.ApplicationFilterChain.internalDoFilter(ApplicationFilterChain.java:209) ~[tomcat-embed-core-9.0.75.jar:9.0.75]
	at org.apache.catalina.core.ApplicationFilterChain.doFilter(ApplicationFilterChain.java:153) ~[tomcat-embed-core-9.0.75.jar:9.0.75]
	at org.apache.tomcat.websocket.server.WsFilter.doFilter(WsFilter.java:51) ~[tomcat-embed-websocket-9.0.75.jar:9.0.75]
	at org.apache.catalina.core.ApplicationFilterChain.internalDoFilter(ApplicationFilterChain.java:178) ~[tomcat-embed-core-9.0.75.jar:9.0.75]
	at org.apache.catalina.core.ApplicationFilterChain.doFilter(ApplicationFilterChain.java:153) ~[tomcat-embed-core-9.0.75.jar:9.0.75]
	at org.springframework.web.filter.RequestContextFilter.doFilterInternal(RequestContextFilter.java:100) ~[spring-web-5.3.27.jar:5.3.27]
	at org.springframework.web.filter.OncePerRequestFilter.doFilter(OncePerRequestFilter.java:117) ~[spring-web-5.3.27.jar:5.3.27]
	at org.apache.catalina.core.ApplicationFilterChain.internalDoFilter(ApplicationFilterChain.java:178) ~[tomcat-embed-core-9.0.75.jar:9.0.75]
	at org.apache.catalina.core.ApplicationFilterChain.doFilter(ApplicationFilterChain.java:153) ~[tomcat-embed-core-9.0.75.jar:9.0.75]
	at org.springframework.web.filter.FormContentFilter.doFilterInternal(FormContentFilter.java:93) ~[spring-web-5.3.27.jar:5.3.27]
	at org.springframework.web.filter.OncePerRequestFilter.doFilter(OncePerRequestFilter.java:117) ~[spring-web-5.3.27.jar:5.3.27]
	at org.apache.catalina.core.ApplicationFilterChain.internalDoFilter(ApplicationFilterChain.java:178) ~[tomcat-embed-core-9.0.75.jar:9.0.75]
	at org.apache.catalina.core.ApplicationFilterChain.doFilter(ApplicationFilterChain.java:153) ~[tomcat-embed-core-9.0.75.jar:9.0.75]
	at org.springframework.web.filter.CharacterEncodingFilter.doFilterInternal(CharacterEncodingFilter.java:201) ~[spring-web-5.3.27.jar:5.3.27]
	at org.springframework.web.filter.OncePerRequestFilter.doFilter(OncePerRequestFilter.java:117) ~[spring-web-5.3.27.jar:5.3.27]
	at org.apache.catalina.core.ApplicationFilterChain.internalDoFilter(ApplicationFilterChain.java:178) ~[tomcat-embed-core-9.0.75.jar:9.0.75]
	at org.apache.catalina.core.ApplicationFilterChain.doFilter(ApplicationFilterChain.java:153) ~[tomcat-embed-core-9.0.75.jar:9.0.75]
	at org.apache.catalina.core.StandardWrapperValve.invoke(StandardWrapperValve.java:167) ~[tomcat-embed-core-9.0.75.jar:9.0.75]
	at org.apache.catalina.core.StandardContextValve.invoke(StandardContextValve.java:90) ~[tomcat-embed-core-9.0.75.jar:9.0.75]
	at org.apache.catalina.authenticator.AuthenticatorBase.invoke(AuthenticatorBase.java:481) ~[tomcat-embed-core-9.0.75.jar:9.0.75]
	at org.apache.catalina.core.StandardHostValve.invoke(StandardHostValve.java:130) ~[tomcat-embed-core-9.0.75.jar:9.0.75]
	at org.apache.catalina.valves.ErrorReportValve.invoke(ErrorReportValve.java:93) ~[tomcat-embed-core-9.0.75.jar:9.0.75]
	at org.apache.catalina.core.StandardEngineValve.invoke(StandardEngineValve.java:74) ~[tomcat-embed-core-9.0.75.jar:9.0.75]
	at org.apache.catalina.connector.CoyoteAdapter.service(CoyoteAdapter.java:343) ~[tomcat-embed-core-9.0.75.jar:9.0.75]
	at org.apache.coyote.http11.Http11Processor.service(Http11Processor.java:390) ~[tomcat-embed-core-9.0.75.jar:9.0.75]
	at org.apache.coyote.AbstractProcessorLight.process(AbstractProcessorLight.java:63) ~[tomcat-embed-core-9.0.75.jar:9.0.75]
	at org.apache.coyote.AbstractProtocol$ConnectionHandler.process(AbstractProtocol.java:926) ~[tomcat-embed-core-9.0.75.jar:9.0.75]
	at org.apache.tomcat.util.net.NioEndpoint$SocketProcessor.doRun(NioEndpoint.java:1791) ~[tomcat-embed-core-9.0.75.jar:9.0.75]
	at org.apache.tomcat.util.net.SocketProcessorBase.run(SocketProcessorBase.java:52) ~[tomcat-embed-core-9.0.75.jar:9.0.75]
	at org.apache.tomcat.util.threads.ThreadPoolExecutor.runWorker(ThreadPoolExecutor.java:1191) ~[tomcat-embed-core-9.0.75.jar:9.0.75]
	at org.apache.tomcat.util.threads.ThreadPoolExecutor$Worker.run(ThreadPoolExecutor.java:659) ~[tomcat-embed-core-9.0.75.jar:9.0.75]
	at org.apache.tomcat.util.threads.TaskThread$WrappingRunnable.run(TaskThread.java:61) ~[tomcat-embed-core-9.0.75.jar:9.0.75]
	at java.base/java.lang.Thread.run(Thread.java:834) ~[na:na]

08:41:48:747 DEBUG 19584 --- [http-nio-8080-exec-6] com.hmall.mapper.CartMapper.selectList   : ==>  Preparing: SELECT id,user_id,item_id,num,name,spec,price,image,create_time,update_time FROM cart WHERE (user_id = ?)
08:41:48:747 DEBUG 19584 --- [http-nio-8080-exec-6] com.hmall.mapper.CartMapper.selectList   : ==> Parameters: 1(Long)
08:41:48:748 DEBUG 19584 --- [http-nio-8080-exec-6] com.hmall.mapper.CartMapper.selectList   : <==      Total: 0
08:52:00:151 DEBUG 19584 --- [http-nio-8080-exec-7] c.h.m.ItemMapper.selectPage_mpCount      : ==>  Preparing: SELECT COUNT(*) AS total FROM item
08:52:00:151 DEBUG 19584 --- [http-nio-8080-exec-7] c.h.m.ItemMapper.selectPage_mpCount      : ==> Parameters: 
08:52:00:155 DEBUG 19584 --- [http-nio-8080-exec-7] c.h.m.ItemMapper.selectPage_mpCount      : <==      Total: 1
08:52:00:155 DEBUG 19584 --- [http-nio-8080-exec-7] com.hmall.mapper.ItemMapper.selectPage   : ==>  Preparing: SELECT id,name,price,stock,image,category,brand,spec,sold,comment_count,isAD,status,create_time,update_time,creater,updater FROM item ORDER BY update_time DESC LIMIT ?
08:52:00:155 DEBUG 19584 --- [http-nio-8080-exec-7] com.hmall.mapper.ItemMapper.selectPage   : ==> Parameters: 20(Long)
08:52:00:162 DEBUG 19584 --- [http-nio-8080-exec-7] com.hmall.mapper.ItemMapper.selectPage   : <==      Total: 20
08:54:51:629 DEBUG 19584 --- [http-nio-8080-exec-8] c.h.m.ItemMapper.selectPage_mpCount      : ==>  Preparing: SELECT COUNT(*) AS total FROM item WHERE (category = ?)
08:54:51:629 DEBUG 19584 --- [http-nio-8080-exec-8] c.h.m.ItemMapper.selectPage_mpCount      : ==> Parameters: 手机(String)
08:54:51:632 DEBUG 19584 --- [http-nio-8080-exec-8] c.h.m.ItemMapper.selectPage_mpCount      : <==      Total: 1
08:54:51:637 DEBUG 19584 --- [http-nio-8080-exec-8] com.hmall.mapper.ItemMapper.selectPage   : ==>  Preparing: SELECT id,name,price,stock,image,category,brand,spec,sold,comment_count,isAD,status,create_time,update_time,creater,updater FROM item WHERE (category = ?) ORDER BY update_time DESC LIMIT ?
08:54:51:637 DEBUG 19584 --- [http-nio-8080-exec-8] com.hmall.mapper.ItemMapper.selectPage   : ==> Parameters: 手机(String), 20(Long)
08:54:51:637 DEBUG 19584 --- [http-nio-8080-exec-8] com.hmall.mapper.ItemMapper.selectPage   : <==      Total: 20
08:54:55:633 DEBUG 19584 --- [http-nio-8080-exec-9] c.h.m.ItemMapper.selectPage_mpCount      : ==>  Preparing: SELECT COUNT(*) AS total FROM item WHERE (category = ? AND price >= ? AND price <= ?)
08:54:55:633 DEBUG 19584 --- [http-nio-8080-exec-9] c.h.m.ItemMapper.selectPage_mpCount      : ==> Parameters: 手机(String), 60000(Integer), 89900(Integer)
08:54:55:652 DEBUG 19584 --- [http-nio-8080-exec-9] c.h.m.ItemMapper.selectPage_mpCount      : <==      Total: 1
08:54:55:652 DEBUG 19584 --- [http-nio-8080-exec-9] com.hmall.mapper.ItemMapper.selectPage   : ==>  Preparing: SELECT id,name,price,stock,image,category,brand,spec,sold,comment_count,isAD,status,create_time,update_time,creater,updater FROM item WHERE (category = ? AND price >= ? AND price <= ?) ORDER BY update_time DESC LIMIT ?
08:54:55:652 DEBUG 19584 --- [http-nio-8080-exec-9] com.hmall.mapper.ItemMapper.selectPage   : ==> Parameters: 手机(String), 60000(Integer), 89900(Integer), 20(Long)
08:54:55:655 DEBUG 19584 --- [http-nio-8080-exec-9] com.hmall.mapper.ItemMapper.selectPage   : <==      Total: 20
08:55:00:579 DEBUG 19584 --- [http-nio-8080-exec-10] c.h.m.ItemMapper.selectPage_mpCount      : ==>  Preparing: SELECT COUNT(*) AS total FROM item WHERE (category = ? AND price >= ? AND price <= ?)
08:55:00:579 DEBUG 19584 --- [http-nio-8080-exec-10] c.h.m.ItemMapper.selectPage_mpCount      : ==> Parameters: 手机(String), 60000(Integer), 89900(Integer)
08:55:00:596 DEBUG 19584 --- [http-nio-8080-exec-10] c.h.m.ItemMapper.selectPage_mpCount      : <==      Total: 1
08:55:00:597 DEBUG 19584 --- [http-nio-8080-exec-10] com.hmall.mapper.ItemMapper.selectPage   : ==>  Preparing: SELECT id,name,price,stock,image,category,brand,spec,sold,comment_count,isAD,status,create_time,update_time,creater,updater FROM item WHERE (category = ? AND price >= ? AND price <= ?) ORDER BY price DESC LIMIT ?
08:55:00:597 DEBUG 19584 --- [http-nio-8080-exec-10] com.hmall.mapper.ItemMapper.selectPage   : ==> Parameters: 手机(String), 60000(Integer), 89900(Integer), 20(Long)
08:55:00:613 DEBUG 19584 --- [http-nio-8080-exec-10] com.hmall.mapper.ItemMapper.selectPage   : <==      Total: 20
08:55:02:153 DEBUG 19584 --- [http-nio-8080-exec-1] c.h.m.ItemMapper.selectPage_mpCount      : ==>  Preparing: SELECT COUNT(*) AS total FROM item WHERE (category = ? AND price >= ? AND price <= ?)
08:55:02:153 DEBUG 19584 --- [http-nio-8080-exec-1] c.h.m.ItemMapper.selectPage_mpCount      : ==> Parameters: 手机(String), 60000(Integer), 89900(Integer)
08:55:02:166 DEBUG 19584 --- [http-nio-8080-exec-1] c.h.m.ItemMapper.selectPage_mpCount      : <==      Total: 1
08:55:02:166 DEBUG 19584 --- [http-nio-8080-exec-1] com.hmall.mapper.ItemMapper.selectPage   : ==>  Preparing: SELECT id,name,price,stock,image,category,brand,spec,sold,comment_count,isAD,status,create_time,update_time,creater,updater FROM item WHERE (category = ? AND price >= ? AND price <= ?) ORDER BY sold DESC LIMIT ?
08:55:02:166 DEBUG 19584 --- [http-nio-8080-exec-1] com.hmall.mapper.ItemMapper.selectPage   : ==> Parameters: 手机(String), 60000(Integer), 89900(Integer), 20(Long)
08:55:02:178 DEBUG 19584 --- [http-nio-8080-exec-1] com.hmall.mapper.ItemMapper.selectPage   : <==      Total: 20
08:55:09:041 DEBUG 19584 --- [http-nio-8080-exec-2] c.h.m.ItemMapper.selectPage_mpCount      : ==>  Preparing: SELECT COUNT(*) AS total FROM item WHERE (category = ?)
08:55:09:041 DEBUG 19584 --- [http-nio-8080-exec-2] c.h.m.ItemMapper.selectPage_mpCount      : ==> Parameters: 手机(String)
08:55:09:041 DEBUG 19584 --- [http-nio-8080-exec-2] c.h.m.ItemMapper.selectPage_mpCount      : <==      Total: 1
08:55:09:041 DEBUG 19584 --- [http-nio-8080-exec-2] com.hmall.mapper.ItemMapper.selectPage   : ==>  Preparing: SELECT id,name,price,stock,image,category,brand,spec,sold,comment_count,isAD,status,create_time,update_time,creater,updater FROM item WHERE (category = ?) ORDER BY sold DESC LIMIT ?
08:55:09:041 DEBUG 19584 --- [http-nio-8080-exec-2] com.hmall.mapper.ItemMapper.selectPage   : ==> Parameters: 手机(String), 20(Long)
08:55:09:062 DEBUG 19584 --- [http-nio-8080-exec-2] com.hmall.mapper.ItemMapper.selectPage   : <==      Total: 20
08:55:10:812 DEBUG 19584 --- [http-nio-8080-exec-3] c.h.m.ItemMapper.selectPage_mpCount      : ==>  Preparing: SELECT COUNT(*) AS total FROM item
08:55:10:812 DEBUG 19584 --- [http-nio-8080-exec-3] c.h.m.ItemMapper.selectPage_mpCount      : ==> Parameters: 
08:55:10:819 DEBUG 19584 --- [http-nio-8080-exec-3] c.h.m.ItemMapper.selectPage_mpCount      : <==      Total: 1
08:55:10:820 DEBUG 19584 --- [http-nio-8080-exec-3] com.hmall.mapper.ItemMapper.selectPage   : ==>  Preparing: SELECT id,name,price,stock,image,category,brand,spec,sold,comment_count,isAD,status,create_time,update_time,creater,updater FROM item ORDER BY sold DESC LIMIT ?
08:55:10:820 DEBUG 19584 --- [http-nio-8080-exec-3] com.hmall.mapper.ItemMapper.selectPage   : ==> Parameters: 20(Long)
08:55:10:872 DEBUG 19584 --- [http-nio-8080-exec-3] com.hmall.mapper.ItemMapper.selectPage   : <==      Total: 20
08:55:20:941 DEBUG 19584 --- [http-nio-8080-exec-5] c.h.m.ItemMapper.selectPage_mpCount      : ==>  Preparing: SELECT COUNT(*) AS total FROM item WHERE (brand = ?)
08:55:20:941 DEBUG 19584 --- [http-nio-8080-exec-5] c.h.m.ItemMapper.selectPage_mpCount      : ==> Parameters: Apple(String)
08:55:20:962 DEBUG 19584 --- [http-nio-8080-exec-5] c.h.m.ItemMapper.selectPage_mpCount      : <==      Total: 1
08:55:20:963 DEBUG 19584 --- [http-nio-8080-exec-5] com.hmall.mapper.ItemMapper.selectPage   : ==>  Preparing: SELECT id,name,price,stock,image,category,brand,spec,sold,comment_count,isAD,status,create_time,update_time,creater,updater FROM item WHERE (brand = ?) ORDER BY sold DESC LIMIT ?
08:55:20:963 DEBUG 19584 --- [http-nio-8080-exec-5] com.hmall.mapper.ItemMapper.selectPage   : ==> Parameters: Apple(String), 20(Long)
08:55:21:005 DEBUG 19584 --- [http-nio-8080-exec-5] com.hmall.mapper.ItemMapper.selectPage   : <==      Total: 20
08:55:29:030 DEBUG 19584 --- [http-nio-8080-exec-4] c.h.m.ItemMapper.selectPage_mpCount      : ==>  Preparing: SELECT COUNT(*) AS total FROM item
08:55:29:030 DEBUG 19584 --- [http-nio-8080-exec-4] c.h.m.ItemMapper.selectPage_mpCount      : ==> Parameters: 
08:55:29:037 DEBUG 19584 --- [http-nio-8080-exec-4] c.h.m.ItemMapper.selectPage_mpCount      : <==      Total: 1
08:55:29:037 DEBUG 19584 --- [http-nio-8080-exec-4] com.hmall.mapper.ItemMapper.selectPage   : ==>  Preparing: SELECT id,name,price,stock,image,category,brand,spec,sold,comment_count,isAD,status,create_time,update_time,creater,updater FROM item ORDER BY sold DESC LIMIT ?
08:55:29:037 DEBUG 19584 --- [http-nio-8080-exec-4] com.hmall.mapper.ItemMapper.selectPage   : ==> Parameters: 20(Long)
08:55:29:087 DEBUG 19584 --- [http-nio-8080-exec-4] com.hmall.mapper.ItemMapper.selectPage   : <==      Total: 20
10:16:27:346  WARN 19584 --- [HikariPool-1 housekeeper] com.zaxxer.hikari.pool.HikariPool        : HikariPool-1 - Thread starvation or clock leap detected (housekeeper delta=22m12s160ms529µs800ns).
14:32:45:535  WARN 19584 --- [HikariPool-1 housekeeper] com.zaxxer.hikari.pool.HikariPool        : HikariPool-1 - Thread starvation or clock leap detected (housekeeper delta=3h48m17s796ms775µs700ns).
